[debug] [2020-10-31T17:35:17.510Z] ----------------------------------------------------------------------
[debug] [2020-10-31T17:35:17.512Z] Command:       C:\Program Files\nodejs\node.exe C:\Users\User\AppData\Roaming\npm\node_modules\firebase-tools\lib\bin\firebase.js init
[debug] [2020-10-31T17:35:17.512Z] CLI Version:   8.14.1
[debug] [2020-10-31T17:35:17.512Z] Platform:      win32
[debug] [2020-10-31T17:35:17.512Z] Node Version:  v13.12.0
[debug] [2020-10-31T17:35:17.513Z] Time:          Sat Oct 31 2020 18:35:17 GMT+0100 (közép-európai téli idő)
[debug] [2020-10-31T17:35:17.513Z] ----------------------------------------------------------------------
[debug] [2020-10-31T17:35:17.513Z] 
[debug] [2020-10-31T17:35:17.522Z] > command requires scopes: ["email","openid","https://www.googleapis.com/auth/cloudplatformprojects.readonly","https://www.googleapis.com/auth/firebase","https://www.googleapis.com/auth/cloud-platform"]
[debug] [2020-10-31T17:35:17.523Z] > authorizing via signed-in user
[info] 
     ######## #### ########  ######## ########     ###     ######  ########
     ##        ##  ##     ## ##       ##     ##  ##   ##  ##       ##
     ######    ##  ########  ######   ########  #########  ######  ######
     ##        ##  ##    ##  ##       ##     ## ##     ##       ## ##
     ##       #### ##     ## ######## ########  ##     ##  ######  ########

You're about to initialize a Firebase project in this directory:

  C:\Users\User\Documents\OE jegyzetek\webprog-weboldal-oe

[info] 
=== Project Setup
[info] 
[info] First, let's associate this project directory with a Firebase project.
[info] You can create multiple project aliases by running firebase use --add, 
[info] but for now we'll just set up a default project.
[info] 
[info] 
=== Hosting Setup
[info] 
[info] Your public directory is the folder (relative to your project directory) that
[info] will contain Hosting assets to be uploaded with firebase deploy. If you
[info] have a build process for your assets, use your build's output directory.
[info] 
